<?xml version="1.0" encoding="utf-8"?><testsuites name="pytest tests"><testsuite name="pytest" errors="0" failures="0" skipped="0" tests="31" time="2.624" timestamp="2026-05-29T04:10:36.404498+00:00" hostname="agent-env-c5fdbf36-0827-4067-8bc6-73ba6d589347"><testcase classname="tests.test_backend.TestHealthAndRegression" name="test_health" time="0.269" /><testcase classname="tests.test_backend.TestHealthAndRegression" name="test_root" time="0.047" /><testcase classname="tests.test_backend.TestHealthAndRegression" name="test_colleges_list" time="0.051" /><testcase classname="tests.test_backend.TestAdminAuth" name="test_admin_login_success" time="0.282" /><testcase classname="tests.test_backend.TestAdminAuth" name="test_admin_login_wrong_password" time="0.268" /><testcase classname="tests.test_backend.TestAdminAuth" name="test_admin_login_wrong_email" time="0.045" /><testcase classname="tests.test_backend.TestAdminAuth" name="test_admin_endpoint_requires_token" time="0.045" /><testcase classname="tests.test_backend.TestAdminAuth" name="test_admin_endpoint_rejects_bad_token" time="0.042" /><testcase classname="tests.test_backend.TestAdminFeatures" name="test_admin_stats" time="0.323" /><testcase classname="tests.test_backend.TestAdminFeatures" name="test_admin_list_users" time="0.067" /><testcase classname="tests.test_backend.TestAdminFeatures" name="test_admin_list_users_with_status_filter" time="0.046" /><testcase classname="tests.test_backend.TestAdminFeatures" name="test_admin_list_users_with_search" time="0.051" /><testcase classname="tests.test_backend.TestAdminFeatures" name="test_admin_grant_premium" time="0.054" /><testcase classname="tests.test_backend.TestAdminFeatures" name="test_admin_delete_confession" time="0.051" /><testcase classname="tests.test_backend.TestAdminFeatures" name="test_admin_delete_user" time="0.047" /><testcase classname="tests.test_backend.TestAdminFeatures" name="test_admin_delete_nonexistent_user" time="0.048" /><testcase classname="tests.test_backend.TestProfilePhotos" name="test_add_photo" time="0.051" /><testcase classname="tests.test_backend.TestProfilePhotos" name="test_delete_photo" time="0.048" /><testcase classname="tests.test_backend.TestProfilePhotos" name="test_add_photo_unauthenticated" time="0.046" /><testcase classname="tests.test_backend.TestReferrals" name="test_my_stats" time="0.047" /><testcase classname="tests.test_backend.TestReferrals" name="test_my_stats_unauthenticated" time="0.045" /><testcase classname="tests.test_backend.TestReferrals" name="test_referral_reward_logic" time="0.047" /><testcase classname="tests.test_backend.TestMessaging" name="test_send_message_not_matched_returns_403" time="0.052" /><testcase classname="tests.test_backend.TestMessaging" name="test_send_and_retrieve_messages_when_matched" time="0.148" /><testcase classname="tests.test_backend.TestMessaging" name="test_get_conversations" time="0.050" /><testcase classname="tests.test_backend.TestMessaging" name="test_send_message_unauthenticated" time="0.047" /><testcase classname="tests.test_backend.TestCollegeAutoVerify" name="test_college_email_domain_seeded" time="0.048" /><testcase classname="tests.test_backend.TestExistingEndpoints" name="test_get_discovery_requires_auth" time="0.048" /><testcase classname="tests.test_backend.TestExistingEndpoints" name="test_confessions_feed_requires_auth" time="0.045" /><testcase classname="tests.test_backend.TestExistingEndpoints" name="test_create_confession" time="0.050" /><testcase classname="tests.test_backend.TestExistingEndpoints" name="test_rate_user" time="0.061" /></testsuite></testsuites>