<?xml version="1.0" encoding="utf-8"?><testsuites name="pytest tests"><testsuite name="pytest" errors="0" failures="2" skipped="0" tests="25" time="2.027" timestamp="2026-05-29T04:46:05.857812+00:00" hostname="agent-env-c5fdbf36-0827-4067-8bc6-73ba6d589347"><testcase classname="backend.tests.test_new_features.TestPremiumCheckout" name="test_checkout_requires_auth" time="0.217" /><testcase classname="backend.tests.test_new_features.TestPremiumCheckout" name="test_checkout_creates_stripe_session_inr_9900" time="0.298"><failure message="AssertionError: {&quot;detail&quot;:&quot;Payment error: Invalid API Key provided: sk_test_****gent&quot;}&#10;assert 500 == 200&#10; +  where 500 = &lt;Response [500]&gt;.status_code">backend/tests/test_new_features.py:36: in test_checkout_creates_stripe_session_inr_9900
    assert r.status_code == 200, r.text
E   AssertionError: {"detail":"Payment error: Invalid API Key provided: sk_test_****gent"}
E   assert 500 == 200
E    +  where 500 = &lt;Response [500]&gt;.status_code</failure></testcase><testcase classname="backend.tests.test_new_features.TestPremiumCheckout" name="test_premium_status_pending" time="0.075"><failure message="assert 500 == 200&#10; +  where 500 = &lt;Response [500]&gt;.status_code">backend/tests/test_new_features.py:58: in test_premium_status_pending
    assert r.status_code == 200
E   assert 500 == 200
E    +  where 500 = &lt;Response [500]&gt;.status_code</failure></testcase><testcase classname="backend.tests.test_new_features.TestEvents" name="test_events_feed_requires_auth" time="0.045" /><testcase classname="backend.tests.test_new_features.TestEvents" name="test_create_event" time="0.050" /><testcase classname="backend.tests.test_new_features.TestEvents" name="test_events_feed_returns_seeded_events" time="0.045" /><testcase classname="backend.tests.test_new_features.TestEvents" name="test_events_feed_premium_gating" time="0.091" /><testcase classname="backend.tests.test_new_features.TestEvents" name="test_rsvp_toggle" time="0.092" /><testcase classname="backend.tests.test_new_features.TestEvents" name="test_rsvp_event_not_found" time="0.046" /><testcase classname="backend.tests.test_new_features.TestEvents" name="test_event_attendees" time="0.048" /><testcase classname="backend.tests.test_new_features.TestStories" name="test_create_story" time="0.058" /><testcase classname="backend.tests.test_new_features.TestStories" name="test_stories_feed_returns_active" time="0.048" /><testcase classname="backend.tests.test_new_features.TestStories" name="test_story_view_marks_viewed" time="0.046" /><testcase classname="backend.tests.test_new_features.TestStories" name="test_stories_feed_requires_auth" time="0.044" /><testcase classname="backend.tests.test_new_features.TestLeaderboard" name="test_top_vibes_requires_auth" time="0.046" /><testcase classname="backend.tests.test_new_features.TestLeaderboard" name="test_top_vibes_returns_list" time="0.046" /><testcase classname="backend.tests.test_new_features.TestLeaderboard" name="test_top_vibes_college_gating" time="0.049" /><testcase classname="backend.tests.test_new_features.TestRegression" name="test_auth_me" time="0.044" /><testcase classname="backend.tests.test_new_features.TestRegression" name="test_auth_me_unauthenticated" time="0.048" /><testcase classname="backend.tests.test_new_features.TestRegression" name="test_discovery_profiles" time="0.052" /><testcase classname="backend.tests.test_new_features.TestRegression" name="test_confessions_feed" time="0.049" /><testcase classname="backend.tests.test_new_features.TestRegression" name="test_messages_conversations" time="0.046" /><testcase classname="backend.tests.test_new_features.TestRegression" name="test_admin_login_regression" time="0.268" /><testcase classname="backend.tests.test_new_features.TestRegression" name="test_colleges_list_regression" time="0.044" /><testcase classname="backend.tests.test_new_features.TestRegression" name="test_referrals_my_stats_regression" time="0.049" /></testsuite></testsuites>